<?xml version="1.0" encoding="UTF-8"?>
<robot generator="Robot 5.0 (Python 3.6.8 on win32)" generated="20220513 16:37:44.045" rpa="false" schemaversion="3">
<suite id="s1" name="Solution" source="C:\Users\a\Desktop\Automation test\SQA-Automation-Test\solution.robot">
<test id="s1-t1" name="FirstTest" line="26">
<kw name="Create Webdriver" library="SeleniumLibrary">
<arg>Chrome</arg>
<arg>executable_path=chromedriver.exe</arg>
<doc>Creates an instance of Selenium WebDriver.</doc>
<msg timestamp="20220513 16:37:44.368" level="INFO">Creating an instance of the Chrome WebDriver.</msg>
<status status="PASS" starttime="20220513 16:37:44.367" endtime="20220513 16:37:46.040"/>
</kw>
<kw name="Open Browser" library="SeleniumLibrary">
<arg>${url}</arg>
<arg>${browser}</arg>
<doc>Opens a new browser instance to the optional ``url``.</doc>
<msg timestamp="20220513 16:37:46.044" level="INFO">Opening browser 'Chrome' to base url 'https://react-shopping-cart-67954.firebaseapp.com/'.</msg>
<status status="PASS" starttime="20220513 16:37:46.042" endtime="20220513 16:37:47.795"/>
</kw>
<kw name="Maximize Browser Window" library="SeleniumLibrary">
<doc>Maximizes current browser window.</doc>
<status status="PASS" starttime="20220513 16:37:47.796" endtime="20220513 16:37:47.935"/>
</kw>
<kw name="Wait Until Page Contains Element" library="SeleniumLibrary">
<arg>xpath://*[@id="root"]/div/main/div/div[1]/div[3]/label/span</arg>
<doc>Waits until the element ``locator`` appears on the current page.</doc>
<status status="PASS" starttime="20220513 16:37:47.936" endtime="20220513 16:37:47.961"/>
</kw>
<kw name="Wait Until Element Is Visible" library="SeleniumLibrary">
<arg>xpath://*[@id="root"]/div/main/div/div[1]/div[3]/label/span</arg>
<doc>Waits until the element ``locator`` is visible.</doc>
<status status="PASS" starttime="20220513 16:37:47.962" endtime="20220513 16:37:48.047"/>
</kw>
<kw name="Sleep" library="BuiltIn">
<arg>2s</arg>
<doc>Pauses the test executed for the given time.</doc>
<msg timestamp="20220513 16:37:50.050" level="INFO">Slept 2 seconds</msg>
<status status="PASS" starttime="20220513 16:37:48.048" endtime="20220513 16:37:50.050"/>
</kw>
<kw name="Click Element" library="SeleniumLibrary">
<arg>xpath://*[@id="root"]/div/main/div/div[1]/div[3]/label/input/following-sibling::span</arg>
<doc>Click the element identified by ``locator``.</doc>
<msg timestamp="20220513 16:37:50.052" level="INFO">Clicking element 'xpath://*[@id="root"]/div/main/div/div[1]/div[3]/label/input/following-sibling::span'.</msg>
<status status="PASS" starttime="20220513 16:37:50.051" endtime="20220513 16:37:50.132"/>
</kw>
<kw name="Sleep" library="BuiltIn">
<arg>2s</arg>
<doc>Pauses the test executed for the given time.</doc>
<msg timestamp="20220513 16:37:52.136" level="INFO">Slept 2 seconds</msg>
<status status="PASS" starttime="20220513 16:37:50.133" endtime="20220513 16:37:52.136"/>
</kw>
<status status="PASS" starttime="20220513 16:37:44.365" endtime="20220513 16:37:52.137"/>
</test>
<test id="s1-t2" name="SecondTest" line="42">
<kw name="Click Button" library="SeleniumLibrary">
<arg>xpath://*[@id="root"]/div/main/main/div/div/button</arg>
<doc>Clicks the button identified by ``locator``.</doc>
<msg timestamp="20220513 16:37:52.141" level="INFO">Clicking button 'xpath://*[@id="root"]/div/main/main/div/div/button'.</msg>
<status status="PASS" starttime="20220513 16:37:52.140" endtime="20220513 16:37:52.260"/>
</kw>
<kw name="Sleep" library="BuiltIn">
<arg>2s</arg>
<doc>Pauses the test executed for the given time.</doc>
<msg timestamp="20220513 16:37:54.263" level="INFO">Slept 2 seconds</msg>
<status status="PASS" starttime="20220513 16:37:52.261" endtime="20220513 16:37:54.263"/>
</kw>
<kw name="Click Element" library="SeleniumLibrary">
<arg>xpath://*[@id="root"]/div/main/div/div[1]/div[3]/label/input/following-sibling::span</arg>
<doc>Click the element identified by ``locator``.</doc>
<msg timestamp="20220513 16:37:54.264" level="INFO">Clicking element 'xpath://*[@id="root"]/div/main/div/div[1]/div[3]/label/input/following-sibling::span'.</msg>
<status status="PASS" starttime="20220513 16:37:54.264" endtime="20220513 16:37:54.315"/>
</kw>
<kw name="Sleep" library="BuiltIn">
<arg>2s</arg>
<doc>Pauses the test executed for the given time.</doc>
<msg timestamp="20220513 16:37:56.319" level="INFO">Slept 2 seconds</msg>
<status status="PASS" starttime="20220513 16:37:54.316" endtime="20220513 16:37:56.319"/>
</kw>
<kw name="Click Element" library="SeleniumLibrary">
<arg>xpath://*[@id="root"]/div/main/div/div[1]/div[5]/label/input/following-sibling::span</arg>
<doc>Click the element identified by ``locator``.</doc>
<msg timestamp="20220513 16:37:56.321" level="INFO">Clicking element 'xpath://*[@id="root"]/div/main/div/div[1]/div[5]/label/input/following-sibling::span'.</msg>
<status status="PASS" starttime="20220513 16:37:56.320" endtime="20220513 16:37:56.391"/>
</kw>
<kw name="Sleep" library="BuiltIn">
<arg>2s</arg>
<doc>Pauses the test executed for the given time.</doc>
<msg timestamp="20220513 16:37:58.406" level="INFO">Slept 2 seconds</msg>
<status status="PASS" starttime="20220513 16:37:56.392" endtime="20220513 16:37:58.406"/>
</kw>
<status status="PASS" starttime="20220513 16:37:52.139" endtime="20220513 16:37:58.407"/>
</test>
<test id="s1-t3" name="ThirdTest" line="54">
<kw name="AddSix">
<for flavor="IN RANGE">
<var>${index}</var>
<value>1</value>
<value>7</value>
<iter>
<var name="${index}">1</var>
<kw name="Click Button" library="SeleniumLibrary">
<arg>xpath://*[@id="root"]/div/main/main/div/div[${index}]/button</arg>
<doc>Clicks the button identified by ``locator``.</doc>
<msg timestamp="20220513 16:37:58.413" level="INFO">Clicking button 'xpath://*[@id="root"]/div/main/main/div/div[1]/button'.</msg>
<status status="PASS" starttime="20220513 16:37:58.413" endtime="20220513 16:37:58.519"/>
</kw>
<kw name="Sleep" library="BuiltIn">
<arg>2s</arg>
<doc>Pauses the test executed for the given time.</doc>
<msg timestamp="20220513 16:38:00.526" level="INFO">Slept 2 seconds</msg>
<status status="PASS" starttime="20220513 16:37:58.519" endtime="20220513 16:38:00.526"/>
</kw>
<status status="PASS" starttime="20220513 16:37:58.412" endtime="20220513 16:38:00.528"/>
</iter>
<iter>
<var name="${index}">2</var>
<kw name="Click Button" library="SeleniumLibrary">
<arg>xpath://*[@id="root"]/div/main/main/div/div[${index}]/button</arg>
<doc>Clicks the button identified by ``locator``.</doc>
<msg timestamp="20220513 16:38:00.530" level="INFO">Clicking button 'xpath://*[@id="root"]/div/main/main/div/div[2]/button'.</msg>
<status status="PASS" starttime="20220513 16:38:00.529" endtime="20220513 16:38:00.643"/>
</kw>
<kw name="Sleep" library="BuiltIn">
<arg>2s</arg>
<doc>Pauses the test executed for the given time.</doc>
<msg timestamp="20220513 16:38:02.645" level="INFO">Slept 2 seconds</msg>
<status status="PASS" starttime="20220513 16:38:00.643" endtime="20220513 16:38:02.645"/>
</kw>
<status status="PASS" starttime="20220513 16:38:00.528" endtime="20220513 16:38:02.646"/>
</iter>
<iter>
<var name="${index}">3</var>
<kw name="Click Button" library="SeleniumLibrary">
<arg>xpath://*[@id="root"]/div/main/main/div/div[${index}]/button</arg>
<doc>Clicks the button identified by ``locator``.</doc>
<msg timestamp="20220513 16:38:02.648" level="INFO">Clicking button 'xpath://*[@id="root"]/div/main/main/div/div[3]/button'.</msg>
<status status="PASS" starttime="20220513 16:38:02.646" endtime="20220513 16:38:02.748"/>
</kw>
<kw name="Sleep" library="BuiltIn">
<arg>2s</arg>
<doc>Pauses the test executed for the given time.</doc>
<msg timestamp="20220513 16:38:04.749" level="INFO">Slept 2 seconds</msg>
<status status="PASS" starttime="20220513 16:38:02.748" endtime="20220513 16:38:04.749"/>
</kw>
<status status="PASS" starttime="20220513 16:38:02.646" endtime="20220513 16:38:04.750"/>
</iter>
<iter>
<var name="${index}">4</var>
<kw name="Click Button" library="SeleniumLibrary">
<arg>xpath://*[@id="root"]/div/main/main/div/div[${index}]/button</arg>
<doc>Clicks the button identified by ``locator``.</doc>
<msg timestamp="20220513 16:38:04.752" level="INFO">Clicking button 'xpath://*[@id="root"]/div/main/main/div/div[4]/button'.</msg>
<status status="PASS" starttime="20220513 16:38:04.750" endtime="20220513 16:38:04.854"/>
</kw>
<kw name="Sleep" library="BuiltIn">
<arg>2s</arg>
<doc>Pauses the test executed for the given time.</doc>
<msg timestamp="20220513 16:38:06.856" level="INFO">Slept 2 seconds</msg>
<status status="PASS" starttime="20220513 16:38:04.854" endtime="20220513 16:38:06.856"/>
</kw>
<status status="PASS" starttime="20220513 16:38:04.750" endtime="20220513 16:38:06.856"/>
</iter>
<iter>
<var name="${index}">5</var>
<kw name="Click Button" library="SeleniumLibrary">
<arg>xpath://*[@id="root"]/div/main/main/div/div[${index}]/button</arg>
<doc>Clicks the button identified by ``locator``.</doc>
<msg timestamp="20220513 16:38:06.858" level="INFO">Clicking button 'xpath://*[@id="root"]/div/main/main/div/div[5]/button'.</msg>
<status status="PASS" starttime="20220513 16:38:06.857" endtime="20220513 16:38:06.991"/>
</kw>
<kw name="Sleep" library="BuiltIn">
<arg>2s</arg>
<doc>Pauses the test executed for the given time.</doc>
<msg timestamp="20220513 16:38:08.994" level="INFO">Slept 2 seconds</msg>
<status status="PASS" starttime="20220513 16:38:06.991" endtime="20220513 16:38:08.995"/>
</kw>
<status status="PASS" starttime="20220513 16:38:06.857" endtime="20220513 16:38:08.995"/>
</iter>
<iter>
<var name="${index}">6</var>
<kw name="Click Button" library="SeleniumLibrary">
<arg>xpath://*[@id="root"]/div/main/main/div/div[${index}]/button</arg>
<doc>Clicks the button identified by ``locator``.</doc>
<msg timestamp="20220513 16:38:08.997" level="INFO">Clicking button 'xpath://*[@id="root"]/div/main/main/div/div[6]/button'.</msg>
<status status="PASS" starttime="20220513 16:38:08.996" endtime="20220513 16:38:09.154"/>
</kw>
<kw name="Sleep" library="BuiltIn">
<arg>2s</arg>
<doc>Pauses the test executed for the given time.</doc>
<msg timestamp="20220513 16:38:11.166" level="INFO">Slept 2 seconds</msg>
<status status="PASS" starttime="20220513 16:38:09.154" endtime="20220513 16:38:11.166"/>
</kw>
<status status="PASS" starttime="20220513 16:38:08.995" endtime="20220513 16:38:11.167"/>
</iter>
<status status="PASS" starttime="20220513 16:37:58.412" endtime="20220513 16:38:11.167"/>
</for>
<status status="PASS" starttime="20220513 16:37:58.411" endtime="20220513 16:38:11.167"/>
</kw>
<status status="PASS" starttime="20220513 16:37:58.410" endtime="20220513 16:38:11.169"/>
</test>
<test id="s1-t4" name="FourthTest" line="60">
<kw name="DeleteFour">
<for flavor="IN RANGE">
<var>${index}</var>
<value>5</value>
<value>1</value>
<value>-1</value>
<iter>
<var name="${index}">5</var>
<kw name="Click Button" library="SeleniumLibrary">
<arg>//*[@id="root"]/div/div/div/div[2]/div[${index}]/button</arg>
<doc>Clicks the button identified by ``locator``.</doc>
<msg timestamp="20220513 16:38:11.179" level="INFO">Clicking button '//*[@id="root"]/div/div/div/div[2]/div[5]/button'.</msg>
<status status="PASS" starttime="20220513 16:38:11.179" endtime="20220513 16:38:11.267"/>
</kw>
<kw name="Sleep" library="BuiltIn">
<arg>2s</arg>
<doc>Pauses the test executed for the given time.</doc>
<msg timestamp="20220513 16:38:13.283" level="INFO">Slept 2 seconds</msg>
<status status="PASS" starttime="20220513 16:38:11.268" endtime="20220513 16:38:13.284"/>
</kw>
<status status="PASS" starttime="20220513 16:38:11.178" endtime="20220513 16:38:13.284"/>
</iter>
<iter>
<var name="${index}">4</var>
<kw name="Click Button" library="SeleniumLibrary">
<arg>//*[@id="root"]/div/div/div/div[2]/div[${index}]/button</arg>
<doc>Clicks the button identified by ``locator``.</doc>
<msg timestamp="20220513 16:38:13.286" level="INFO">Clicking button '//*[@id="root"]/div/div/div/div[2]/div[4]/button'.</msg>
<status status="PASS" starttime="20220513 16:38:13.285" endtime="20220513 16:38:13.440"/>
</kw>
<kw name="Sleep" library="BuiltIn">
<arg>2s</arg>
<doc>Pauses the test executed for the given time.</doc>
<msg timestamp="20220513 16:38:15.447" level="INFO">Slept 2 seconds</msg>
<status status="PASS" starttime="20220513 16:38:13.440" endtime="20220513 16:38:15.447"/>
</kw>
<status status="PASS" starttime="20220513 16:38:13.284" endtime="20220513 16:38:15.447"/>
</iter>
<iter>
<var name="${index}">3</var>
<kw name="Click Button" library="SeleniumLibrary">
<arg>//*[@id="root"]/div/div/div/div[2]/div[${index}]/button</arg>
<doc>Clicks the button identified by ``locator``.</doc>
<msg timestamp="20220513 16:38:15.450" level="INFO">Clicking button '//*[@id="root"]/div/div/div/div[2]/div[3]/button'.</msg>
<status status="PASS" starttime="20220513 16:38:15.448" endtime="20220513 16:38:15.557"/>
</kw>
<kw name="Sleep" library="BuiltIn">
<arg>2s</arg>
<doc>Pauses the test executed for the given time.</doc>
<msg timestamp="20220513 16:38:17.562" level="INFO">Slept 2 seconds</msg>
<status status="PASS" starttime="20220513 16:38:15.558" endtime="20220513 16:38:17.562"/>
</kw>
<status status="PASS" starttime="20220513 16:38:15.448" endtime="20220513 16:38:17.563"/>
</iter>
<iter>
<var name="${index}">2</var>
<kw name="Click Button" library="SeleniumLibrary">
<arg>//*[@id="root"]/div/div/div/div[2]/div[${index}]/button</arg>
<doc>Clicks the button identified by ``locator``.</doc>
<msg timestamp="20220513 16:38:17.565" level="INFO">Clicking button '//*[@id="root"]/div/div/div/div[2]/div[2]/button'.</msg>
<status status="PASS" starttime="20220513 16:38:17.563" endtime="20220513 16:38:17.724"/>
</kw>
<kw name="Sleep" library="BuiltIn">
<arg>2s</arg>
<doc>Pauses the test executed for the given time.</doc>
<msg timestamp="20220513 16:38:19.728" level="INFO">Slept 2 seconds</msg>
<status status="PASS" starttime="20220513 16:38:17.725" endtime="20220513 16:38:19.728"/>
</kw>
<status status="PASS" starttime="20220513 16:38:17.563" endtime="20220513 16:38:19.728"/>
</iter>
<status status="PASS" starttime="20220513 16:38:11.178" endtime="20220513 16:38:19.729"/>
</for>
<status status="PASS" starttime="20220513 16:38:11.177" endtime="20220513 16:38:19.729"/>
</kw>
<status status="PASS" starttime="20220513 16:38:11.174" endtime="20220513 16:38:19.731"/>
</test>
<test id="s1-t5" name="FifthTest" line="64">
<kw name="Click Button" library="SeleniumLibrary">
<arg>xpath://*[@id="root"]/div/div/div/div[3]/button</arg>
<doc>Clicks the button identified by ``locator``.</doc>
<msg timestamp="20220513 16:38:19.739" level="INFO">Clicking button 'xpath://*[@id="root"]/div/div/div/div[3]/button'.</msg>
<status status="PASS" starttime="20220513 16:38:19.738" endtime="20220513 16:38:19.850"/>
</kw>
<kw name="Sleep" library="BuiltIn">
<arg>2s</arg>
<doc>Pauses the test executed for the given time.</doc>
<msg timestamp="20220513 16:38:21.853" level="INFO">Slept 2 seconds</msg>
<status status="PASS" starttime="20220513 16:38:19.851" endtime="20220513 16:38:21.853"/>
</kw>
<kw name="Close Browser" library="SeleniumLibrary">
<doc>Closes the current browser.</doc>
<status status="PASS" starttime="20220513 16:38:21.855" endtime="20220513 16:38:24.129"/>
</kw>
<kw name="Log" library="BuiltIn">
<arg>Test Completed</arg>
<doc>Logs the given message with the given level.</doc>
<msg timestamp="20220513 16:38:24.130" level="INFO">Test Completed</msg>
<status status="PASS" starttime="20220513 16:38:24.129" endtime="20220513 16:38:24.130"/>
</kw>
<status status="PASS" starttime="20220513 16:38:19.736" endtime="20220513 16:38:24.130"/>
</test>
<status status="PASS" starttime="20220513 16:37:44.047" endtime="20220513 16:38:24.133"/>
</suite>
<statistics>
<total>
<stat pass="5" fail="0" skip="0">All Tests</stat>
</total>
<tag>
</tag>
<suite>
<stat pass="5" fail="0" skip="0" id="s1" name="Solution">Solution</stat>
</suite>
</statistics>
<errors>
</errors>
</robot>
